TN:
SF:src/pages/Movies.js
FN:23,(anonymous_0)
FN:36,(anonymous_1)
FN:43,(anonymous_2)
FN:48,(anonymous_3)
FN:88,(anonymous_4)
FN:97,(anonymous_5)
FNF:6
FNH:5
FNDA:1,(anonymous_0)
FNDA:0,(anonymous_1)
FNDA:1,(anonymous_2)
FNDA:2,(anonymous_3)
FNDA:1,(anonymous_4)
FNDA:2,(anonymous_5)
DA:8,1
DA:12,1
DA:21,1
DA:24,1
DA:25,1
DA:27,1
DA:28,1
DA:30,0
DA:32,1
DA:33,1
DA:36,1
DA:37,0
DA:38,0
DA:39,0
DA:40,0
DA:44,1
DA:45,1
DA:49,2
DA:51,2
DA:53,2
DA:87,2
DA:89,1
DA:93,2
DA:98,2
LF:24
LH:19
BRDA:27,0,0,1
BRDA:27,0,1,0
BRDA:27,1,0,1
BRDA:27,1,1,1
BRDA:99,2,0,1
BRDA:99,2,1,1
BRDA:101,3,0,1
BRDA:101,3,1,1
BRF:8
BRH:7
end_of_record
